0 info it worked if it ends with ok
1 verbose cli [ '/usr/local/bin/node',
1 verbose cli   '/usr/local/bin/npm',
1 verbose cli   'run',
1 verbose cli   'exercicios' ]
2 info using npm@3.9.3
3 info using node@v6.2.1
4 verbose run-script [ 'preexercicios', 'exercicios', 'postexercicios' ]
5 info lifecycle exercicios@1.0.0~preexercicios: exercicios@1.0.0
6 silly lifecycle exercicios@1.0.0~preexercicios: no script for preexercicios, continuing
7 info lifecycle exercicios@1.0.0~exercicios: exercicios@1.0.0
8 verbose lifecycle exercicios@1.0.0~exercicios: unsafe-perm in lifecycle true
9 verbose lifecycle exercicios@1.0.0~exercicios: PATH: /usr/local/lib/node_modules/npm/bin/node-gyp-bin:/home/lucas/github/Curso_Javascript_Cod3r/Exercicios_JS/vue/node_modules/.bin:/usr/local/bin:/usr/lib/jvm/bin:/usr/lib/jvm:/digitro/ambiente/maven/maven-3.5.0/bin:/usr/lib/jvm/bin:/usr/lib/jvm:/digitro/ambiente/maven/maven-3.5.0/bin:/usr/local/sbin:/usr/local/bin:/usr/sbin:/usr/bin:/sbin:/bin:/usr/games:/usr/local/games
10 verbose lifecycle exercicios@1.0.0~exercicios: CWD: /home/lucas/github/Curso_Javascript_Cod3r/Exercicios_JS/vue
11 silly lifecycle exercicios@1.0.0~exercicios: Args: [ '-c', 'http-server ./exercicios -c-1' ]
12 info lifecycle exercicios@1.0.0~exercicios: Failed to exec exercicios script
13 verbose stack Error: exercicios@1.0.0 exercicios: `http-server ./exercicios -c-1`
13 verbose stack spawn ENOENT
13 verbose stack     at ChildProcess.<anonymous> (/usr/local/lib/node_modules/npm/lib/utils/spawn.js:17:16)
13 verbose stack     at emitTwo (events.js:106:13)
13 verbose stack     at ChildProcess.emit (events.js:191:7)
13 verbose stack     at maybeClose (internal/child_process.js:852:16)
13 verbose stack     at Process.ChildProcess._handle.onexit (internal/child_process.js:215:5)
14 verbose pkgid exercicios@1.0.0
15 verbose cwd /home/lucas/github/Curso_Javascript_Cod3r/Exercicios_JS/vue/exercicios
16 error Linux 4.15.0-20-generic
17 error argv "/usr/local/bin/node" "/usr/local/bin/npm" "run" "exercicios"
18 error node v6.2.1
19 error npm  v3.9.3
20 error file sh
21 error code ELIFECYCLE
22 error errno ENOENT
23 error syscall spawn
24 error exercicios@1.0.0 exercicios: `http-server ./exercicios -c-1`
24 error spawn ENOENT
25 error Failed at the exercicios@1.0.0 exercicios script 'http-server ./exercicios -c-1'.
25 error Make sure you have the latest version of node.js and npm installed.
25 error If you do, this is most likely a problem with the exercicios package,
25 error not with npm itself.
25 error Tell the author that this fails on your system:
25 error     http-server ./exercicios -c-1
25 error You can get information on how to open an issue for this project with:
25 error     npm bugs exercicios
25 error Or if that isn't available, you can get their info via:
25 error     npm owner ls exercicios
25 error There is likely additional logging output above.
26 verbose exit [ 1, true ]
